2023-01-15 18:58:06,623 [Worker-8: Loading available Gradle versions] INFO  o.e.b.c.i.u.g.PublishedGradleVersions - Gradle version information cache is up-to-date. Trying to read.
2023-01-15 19:01:02,860 [Start Help Server] INFO  org.eclipse.jetty.server.Server - jetty-10.0.12; built: 2022-09-14T01:54:40.076Z; git: 408d0139887e27a57b54ed52e2d92a36731a7e88; jvm 19.0.1+10-21
2023-01-15 19:01:02,893 [Start Help Server] INFO  o.e.j.s.s.DefaultSessionIdManager - Session workerName=node0
2023-01-15 19:01:02,927 [Start Help Server] INFO  o.e.j.server.handler.ContextHandler - Started o.e.j.s.ServletContextHandler@6cab57c6{/help,null,AVAILABLE}
2023-01-15 19:01:02,948 [Start Help Server] INFO  o.e.jetty.server.AbstractConnector - Started ServerConnector@71aae37f{HTTP/1.1, (http/1.1)}{127.0.0.1:49694}
2023-01-15 19:01:02,973 [Start Help Server] INFO  org.eclipse.jetty.server.Server - Started Server@4165ce34{STARTING}[10.0.12,sto=0] @33054ms
2023-01-15 19:01:15,851 [Worker-1: Loading available Gradle versions] INFO  o.e.b.c.i.u.g.PublishedGradleVersions - Gradle version information cache is up-to-date. Trying to read.
2023-01-15 19:01:41,384 [Worker-12: Building] INFO  o.e.m.c.i.l.LifecycleMappingFactory - Using org.maven.ide.eclipse.wtp.WarLifecycleMapping lifecycle mapping for MavenProject: com:project2:0.0.1-SNAPSHOT @ C:\Users\pravepat\Downloads\JAVAFSD-Project02-master\JAVAFSD-Project02-master\pom.xml.
2023-01-15 19:01:43,383 [Worker-12: Building] INFO  o.e.m.c.i.embedder.EclipseLogger - Using 'UTF-8' encoding to copy filtered resources.
2023-01-15 19:01:43,383 [Worker-12: Building] INFO  o.e.m.c.i.embedder.EclipseLogger - skip non existing resourceDirectory C:\Users\pravepat\Downloads\JAVAFSD-Project02-master\JAVAFSD-Project02-master\src\main\resources
2023-01-15 19:01:43,389 [Worker-12: Building] INFO  o.e.m.c.i.embedder.EclipseLogger - Using 'UTF-8' encoding to copy filtered resources.
2023-01-15 19:01:43,389 [Worker-12: Building] INFO  o.e.m.c.i.embedder.EclipseLogger - skip non existing resourceDirectory C:\Users\pravepat\Downloads\JAVAFSD-Project02-master\JAVAFSD-Project02-master\src\test\resources
2023-01-15 19:01:44,015 [Worker-13: Updating Maven Dependencies] INFO  o.e.m.c.i.l.LifecycleMappingFactory - Using org.maven.ide.eclipse.wtp.WarLifecycleMapping lifecycle mapping for MavenProject: com:project2:0.0.1-SNAPSHOT @ C:\Users\pravepat\Downloads\JAVAFSD-Project02-master\JAVAFSD-Project02-master\pom.xml.
2023-01-15 19:01:45,669 [Worker-9: Building] INFO  o.e.m.c.i.embedder.EclipseLogger - Using 'UTF-8' encoding to copy filtered resources.
2023-01-15 19:01:45,669 [Worker-9: Building] INFO  o.e.m.c.i.embedder.EclipseLogger - skip non existing resourceDirectory C:\Users\pravepat\Downloads\JAVAFSD-Project02-master\JAVAFSD-Project02-master\src\main\resources
2023-01-15 19:01:45,674 [Worker-9: Building] INFO  o.e.m.c.i.embedder.EclipseLogger - Using 'UTF-8' encoding to copy filtered resources.
2023-01-15 19:01:45,675 [Worker-9: Building] INFO  o.e.m.c.i.embedder.EclipseLogger - skip non existing resourceDirectory C:\Users\pravepat\Downloads\JAVAFSD-Project02-master\JAVAFSD-Project02-master\src\test\resources
2023-01-15 19:02:47,748 [Worker-11: Launching mavenrun-ab352c23-c2c2-4b4a-872a-5227993cc9ae] INFO  o.eclipse.m2e.core.internal.Bundles - getClasspathEntries(Bundle=org.eclipse.m2e.maven.runtime_3.8.604.20221130-2149 [267])
2023-01-15 19:02:47,751 [Worker-11: Launching mavenrun-ab352c23-c2c2-4b4a-872a-5227993cc9ae] INFO  o.eclipse.m2e.core.internal.Bundles - 	Entry: C:\Users\pravepat\.p2\pool\plugins\org.eclipse.m2e.maven.runtime_3.8.604.20221130-2149
2023-01-15 19:02:47,752 [Worker-11: Launching mavenrun-ab352c23-c2c2-4b4a-872a-5227993cc9ae] INFO  o.eclipse.m2e.core.internal.Bundles - 	Entry: C:\Users\pravepat\.p2\pool\plugins\org.eclipse.m2e.maven.runtime_3.8.604.20221130-2149\jars\aether-connector-okhttp-0.17.8.jar
2023-01-15 19:02:47,752 [Worker-11: Launching mavenrun-ab352c23-c2c2-4b4a-872a-5227993cc9ae] INFO  o.eclipse.m2e.core.internal.Bundles - 	Entry: C:\Users\pravepat\.p2\pool\plugins\org.eclipse.m2e.maven.runtime_3.8.604.20221130-2149\jars\commons-cli-1.4.jar
2023-01-15 19:02:47,753 [Worker-11: Launching mavenrun-ab352c23-c2c2-4b4a-872a-5227993cc9ae] INFO  o.eclipse.m2e.core.internal.Bundles - 	Entry: C:\Users\pravepat\.p2\pool\plugins\org.eclipse.m2e.maven.runtime_3.8.604.20221130-2149\jars\commons-io-2.6.jar
2023-01-15 19:02:47,753 [Worker-11: Launching mavenrun-ab352c23-c2c2-4b4a-872a-5227993cc9ae] INFO  o.eclipse.m2e.core.internal.Bundles - 	Entry: C:\Users\pravepat\.p2\pool\plugins\org.eclipse.m2e.maven.runtime_3.8.604.20221130-2149\jars\commons-lang3-3.8.1.jar
2023-01-15 19:02:47,753 [Worker-11: Launching mavenrun-ab352c23-c2c2-4b4a-872a-5227993cc9ae] INFO  o.eclipse.m2e.core.internal.Bundles - 	Entry: C:\Users\pravepat\.p2\pool\plugins\org.eclipse.m2e.maven.runtime_3.8.604.20221130-2149\jars\guice-4.2.2-no_aop.jar
2023-01-15 19:02:47,753 [Worker-11: Launching mavenrun-ab352c23-c2c2-4b4a-872a-5227993cc9ae] INFO  o.eclipse.m2e.core.internal.Bundles - 	Entry: C:\Users\pravepat\.p2\pool\plugins\org.eclipse.m2e.maven.runtime_3.8.604.20221130-2149\jars\jansi-2.4.0.jar
2023-01-15 19:02:47,753 [Worker-11: Launching mavenrun-ab352c23-c2c2-4b4a-872a-5227993cc9ae] INFO  o.eclipse.m2e.core.internal.Bundles - 	Entry: C:\Users\pravepat\.p2\pool\plugins\org.eclipse.m2e.maven.runtime_3.8.604.20221130-2149\jars\maven-artifact-3.8.6.jar
2023-01-15 19:02:47,754 [Worker-11: Launching mavenrun-ab352c23-c2c2-4b4a-872a-5227993cc9ae] INFO  o.eclipse.m2e.core.internal.Bundles - 	Entry: C:\Users\pravepat\.p2\pool\plugins\org.eclipse.m2e.maven.runtime_3.8.604.20221130-2149\jars\maven-builder-support-3.8.6.jar
2023-01-15 19:02:47,754 [Worker-11: Launching mavenrun-ab352c23-c2c2-4b4a-872a-5227993cc9ae] INFO  o.eclipse.m2e.core.internal.Bundles - 	Entry: C:\Users\pravepat\.p2\pool\plugins\org.eclipse.m2e.maven.runtime_3.8.604.20221130-2149\jars\maven-compat-3.8.6.jar
2023-01-15 19:02:47,754 [Worker-11: Launching mavenrun-ab352c23-c2c2-4b4a-872a-5227993cc9ae] INFO  o.eclipse.m2e.core.internal.Bundles - 	Entry: C:\Users\pravepat\.p2\pool\plugins\org.eclipse.m2e.maven.runtime_3.8.604.20221130-2149\jars\maven-core-3.8.6.jar
2023-01-15 19:02:47,754 [Worker-11: Launching mavenrun-ab352c23-c2c2-4b4a-872a-5227993cc9ae] INFO  o.eclipse.m2e.core.internal.Bundles - 	Entry: C:\Users\pravepat\.p2\pool\plugins\org.eclipse.m2e.maven.runtime_3.8.604.20221130-2149\jars\maven-embedder-3.8.6.jar
2023-01-15 19:02:47,754 [Worker-11: Launching mavenrun-ab352c23-c2c2-4b4a-872a-5227993cc9ae] INFO  o.eclipse.m2e.core.internal.Bundles - 	Entry: C:\Users\pravepat\.p2\pool\plugins\org.eclipse.m2e.maven.runtime_3.8.604.20221130-2149\jars\maven-model-3.8.6.jar
2023-01-15 19:02:47,755 [Worker-11: Launching mavenrun-ab352c23-c2c2-4b4a-872a-5227993cc9ae] INFO  o.eclipse.m2e.core.internal.Bundles - 	Entry: C:\Users\pravepat\.p2\pool\plugins\org.eclipse.m2e.maven.runtime_3.8.604.20221130-2149\jars\maven-model-builder-3.8.6.jar
2023-01-15 19:02:47,755 [Worker-11: Launching mavenrun-ab352c23-c2c2-4b4a-872a-5227993cc9ae] INFO  o.eclipse.m2e.core.internal.Bundles - 	Entry: C:\Users\pravepat\.p2\pool\plugins\org.eclipse.m2e.maven.runtime_3.8.604.20221130-2149\jars\maven-plugin-api-3.8.6.jar
2023-01-15 19:02:47,755 [Worker-11: Launching mavenrun-ab352c23-c2c2-4b4a-872a-5227993cc9ae] INFO  o.eclipse.m2e.core.internal.Bundles - 	Entry: C:\Users\pravepat\.p2\pool\plugins\org.eclipse.m2e.maven.runtime_3.8.604.20221130-2149\jars\maven-repository-metadata-3.8.6.jar
2023-01-15 19:02:47,755 [Worker-11: Launching mavenrun-ab352c23-c2c2-4b4a-872a-5227993cc9ae] INFO  o.eclipse.m2e.core.internal.Bundles - 	Entry: C:\Users\pravepat\.p2\pool\plugins\org.eclipse.m2e.maven.runtime_3.8.604.20221130-2149\jars\maven-resolver-api-1.6.3.jar
2023-01-15 19:02:47,755 [Worker-11: Launching mavenrun-ab352c23-c2c2-4b4a-872a-5227993cc9ae] INFO  o.eclipse.m2e.core.internal.Bundles - 	Entry: C:\Users\pravepat\.p2\pool\plugins\org.eclipse.m2e.maven.runtime_3.8.604.20221130-2149\jars\maven-resolver-connector-basic-1.6.3.jar
2023-01-15 19:02:47,756 [Worker-11: Launching mavenrun-ab352c23-c2c2-4b4a-872a-5227993cc9ae] INFO  o.eclipse.m2e.core.internal.Bundles - 	Entry: C:\Users\pravepat\.p2\pool\plugins\org.eclipse.m2e.maven.runtime_3.8.604.20221130-2149\jars\maven-resolver-impl-1.6.3.jar
2023-01-15 19:02:47,756 [Worker-11: Launching mavenrun-ab352c23-c2c2-4b4a-872a-5227993cc9ae] INFO  o.eclipse.m2e.core.internal.Bundles - 	Entry: C:\Users\pravepat\.p2\pool\plugins\org.eclipse.m2e.maven.runtime_3.8.604.20221130-2149\jars\maven-resolver-provider-3.8.6.jar
2023-01-15 19:02:47,756 [Worker-11: Launching mavenrun-ab352c23-c2c2-4b4a-872a-5227993cc9ae] INFO  o.eclipse.m2e.core.internal.Bundles - 	Entry: C:\Users\pravepat\.p2\pool\plugins\org.eclipse.m2e.maven.runtime_3.8.604.20221130-2149\jars\maven-resolver-spi-1.6.3.jar
2023-01-15 19:02:47,756 [Worker-11: Launching mavenrun-ab352c23-c2c2-4b4a-872a-5227993cc9ae] INFO  o.eclipse.m2e.core.internal.Bundles - 	Entry: C:\Users\pravepat\.p2\pool\plugins\org.eclipse.m2e.maven.runtime_3.8.604.20221130-2149\jars\maven-resolver-transport-wagon-1.6.3.jar
2023-01-15 19:02:47,756 [Worker-11: Launching mavenrun-ab352c23-c2c2-4b4a-872a-5227993cc9ae] INFO  o.eclipse.m2e.core.internal.Bundles - 	Entry: C:\Users\pravepat\.p2\pool\plugins\org.eclipse.m2e.maven.runtime_3.8.604.20221130-2149\jars\maven-resolver-util-1.6.3.jar
2023-01-15 19:02:47,756 [Worker-11: Launching mavenrun-ab352c23-c2c2-4b4a-872a-5227993cc9ae] INFO  o.eclipse.m2e.core.internal.Bundles - 	Entry: C:\Users\pravepat\.p2\pool\plugins\org.eclipse.m2e.maven.runtime_3.8.604.20221130-2149\jars\maven-settings-3.8.6.jar
2023-01-15 19:02:47,756 [Worker-11: Launching mavenrun-ab352c23-c2c2-4b4a-872a-5227993cc9ae] INFO  o.eclipse.m2e.core.internal.Bundles - 	Entry: C:\Users\pravepat\.p2\pool\plugins\org.eclipse.m2e.maven.runtime_3.8.604.20221130-2149\jars\maven-settings-builder-3.8.6.jar
2023-01-15 19:02:47,757 [Worker-11: Launching mavenrun-ab352c23-c2c2-4b4a-872a-5227993cc9ae] INFO  o.eclipse.m2e.core.internal.Bundles - 	Entry: C:\Users\pravepat\.p2\pool\plugins\org.eclipse.m2e.maven.runtime_3.8.604.20221130-2149\jars\maven-shared-utils-3.3.4.jar
2023-01-15 19:02:47,757 [Worker-11: Launching mavenrun-ab352c23-c2c2-4b4a-872a-5227993cc9ae] INFO  o.eclipse.m2e.core.internal.Bundles - 	Entry: C:\Users\pravepat\.p2\pool\plugins\org.eclipse.m2e.maven.runtime_3.8.604.20221130-2149\jars\okhttp-3.14.1.jar
2023-01-15 19:02:47,757 [Worker-11: Launching mavenrun-ab352c23-c2c2-4b4a-872a-5227993cc9ae] INFO  o.eclipse.m2e.core.internal.Bundles - 	Entry: C:\Users\pravepat\.p2\pool\plugins\org.eclipse.m2e.maven.runtime_3.8.604.20221130-2149\jars\okio-1.17.3.jar
2023-01-15 19:02:47,757 [Worker-11: Launching mavenrun-ab352c23-c2c2-4b4a-872a-5227993cc9ae] INFO  o.eclipse.m2e.core.internal.Bundles - 	Entry: C:\Users\pravepat\.p2\pool\plugins\org.eclipse.m2e.maven.runtime_3.8.604.20221130-2149\jars\org.eclipse.sisu.inject-0.3.5.jar
2023-01-15 19:02:47,757 [Worker-11: Launching mavenrun-ab352c23-c2c2-4b4a-872a-5227993cc9ae] INFO  o.eclipse.m2e.core.internal.Bundles - 	Entry: C:\Users\pravepat\.p2\pool\plugins\org.eclipse.m2e.maven.runtime_3.8.604.20221130-2149\jars\org.eclipse.sisu.plexus-0.3.5.jar
2023-01-15 19:02:47,758 [Worker-11: Launching mavenrun-ab352c23-c2c2-4b4a-872a-5227993cc9ae] INFO  o.eclipse.m2e.core.internal.Bundles - 	Entry: C:\Users\pravepat\.p2\pool\plugins\org.eclipse.m2e.maven.runtime_3.8.604.20221130-2149\jars\plexus-build-api-0.0.7.jar
2023-01-15 19:02:47,758 [Worker-11: Launching mavenrun-ab352c23-c2c2-4b4a-872a-5227993cc9ae] INFO  o.eclipse.m2e.core.internal.Bundles - 	Entry: C:\Users\pravepat\.p2\pool\plugins\org.eclipse.m2e.maven.runtime_3.8.604.20221130-2149\jars\plexus-cipher-2.0.jar
2023-01-15 19:02:47,758 [Worker-11: Launching mavenrun-ab352c23-c2c2-4b4a-872a-5227993cc9ae] INFO  o.eclipse.m2e.core.internal.Bundles - 	Entry: C:\Users\pravepat\.p2\pool\plugins\org.eclipse.m2e.maven.runtime_3.8.604.20221130-2149\jars\plexus-classworlds-2.6.0.jar
2023-01-15 19:02:47,758 [Worker-11: Launching mavenrun-ab352c23-c2c2-4b4a-872a-5227993cc9ae] INFO  o.eclipse.m2e.core.internal.Bundles - 	Entry: C:\Users\pravepat\.p2\pool\plugins\org.eclipse.m2e.maven.runtime_3.8.604.20221130-2149\jars\plexus-component-annotations-2.1.0.jar
2023-01-15 19:02:47,759 [Worker-11: Launching mavenrun-ab352c23-c2c2-4b4a-872a-5227993cc9ae] INFO  o.eclipse.m2e.core.internal.Bundles - 	Entry: C:\Users\pravepat\.p2\pool\plugins\org.eclipse.m2e.maven.runtime_3.8.604.20221130-2149\jars\plexus-interpolation-1.26.jar
2023-01-15 19:02:47,759 [Worker-11: Launching mavenrun-ab352c23-c2c2-4b4a-872a-5227993cc9ae] INFO  o.eclipse.m2e.core.internal.Bundles - 	Entry: C:\Users\pravepat\.p2\pool\plugins\org.eclipse.m2e.maven.runtime_3.8.604.20221130-2149\jars\plexus-sec-dispatcher-2.0.jar
2023-01-15 19:02:47,759 [Worker-11: Launching mavenrun-ab352c23-c2c2-4b4a-872a-5227993cc9ae] INFO  o.eclipse.m2e.core.internal.Bundles - 	Entry: C:\Users\pravepat\.p2\pool\plugins\org.eclipse.m2e.maven.runtime_3.8.604.20221130-2149\jars\plexus-utils-3.3.1.jar
2023-01-15 19:02:47,759 [Worker-11: Launching mavenrun-ab352c23-c2c2-4b4a-872a-5227993cc9ae] INFO  o.eclipse.m2e.core.internal.Bundles - 	Entry: C:\Users\pravepat\.p2\pool\plugins\org.eclipse.m2e.maven.runtime_3.8.604.20221130-2149\jars\wagon-file-3.5.1.jar
2023-01-15 19:02:47,759 [Worker-11: Launching mavenrun-ab352c23-c2c2-4b4a-872a-5227993cc9ae] INFO  o.eclipse.m2e.core.internal.Bundles - 	Entry: C:\Users\pravepat\.p2\pool\plugins\org.eclipse.m2e.maven.runtime_3.8.604.20221130-2149\jars\wagon-provider-api-3.5.1.jar
2023-01-15 19:02:47,760 [Worker-11: Launching mavenrun-ab352c23-c2c2-4b4a-872a-5227993cc9ae] INFO  o.eclipse.m2e.core.internal.Bundles - getClasspathEntries(Bundle=com.google.guava_30.1.0.v20221112-0806 [8])
2023-01-15 19:02:47,762 [Worker-11: Launching mavenrun-ab352c23-c2c2-4b4a-872a-5227993cc9ae] INFO  o.eclipse.m2e.core.internal.Bundles - 	Entry: C:\Users\pravepat\.p2\pool\plugins\com.google.guava_30.1.0.v20221112-0806.jar
2023-01-15 19:02:47,762 [Worker-11: Launching mavenrun-ab352c23-c2c2-4b4a-872a-5227993cc9ae] INFO  o.eclipse.m2e.core.internal.Bundles - getClasspathEntries(Bundle=slf4j.api_1.7.36 [431])
2023-01-15 19:02:47,763 [Worker-11: Launching mavenrun-ab352c23-c2c2-4b4a-872a-5227993cc9ae] INFO  o.eclipse.m2e.core.internal.Bundles - 	Entry: C:\Users\pravepat\.p2\pool\plugins\slf4j.api_1.7.36.jar
2023-01-15 19:02:47,763 [Worker-11: Launching mavenrun-ab352c23-c2c2-4b4a-872a-5227993cc9ae] INFO  o.eclipse.m2e.core.internal.Bundles - getClasspathEntries(Bundle=javax.inject_1.0.0.v20220405-0441 [18])
2023-01-15 19:02:47,764 [Worker-11: Launching mavenrun-ab352c23-c2c2-4b4a-872a-5227993cc9ae] INFO  o.eclipse.m2e.core.internal.Bundles - 	Entry: C:\Users\pravepat\.p2\pool\plugins\javax.inject_1.0.0.v20220405-0441.jar
2023-01-15 19:02:47,764 [Worker-11: Launching mavenrun-ab352c23-c2c2-4b4a-872a-5227993cc9ae] INFO  o.eclipse.m2e.core.internal.Bundles - getClasspathEntries(Bundle=javax.annotation_1.3.5.v20221112-0806 [16])
2023-01-15 19:02:47,766 [Worker-11: Launching mavenrun-ab352c23-c2c2-4b4a-872a-5227993cc9ae] INFO  o.eclipse.m2e.core.internal.Bundles - 	Entry: C:\Users\pravepat\.p2\pool\plugins\javax.annotation_1.3.5.v20221112-0806.jar
2023-01-15 19:02:47,777 [Worker-11: Launching mavenrun-ab352c23-c2c2-4b4a-872a-5227993cc9ae] INFO  o.e.m.i.launch.MavenLaunchDelegate - Run build in "C:\Users\pravepat\AppData\Local\Temp\m2e-archetypeGenerator1857942024341760026":
2023-01-15 19:02:47,783 [Worker-11: Launching mavenrun-ab352c23-c2c2-4b4a-872a-5227993cc9ae] INFO  o.e.m.i.launch.MavenLaunchDelegate -  mvn  -DarchetypeGroupId=org.apache.maven.archetypes -DarchetypeArtifactId=maven-archetype-webapp -DarchetypeVersion=1.4 -DgroupId=com.cisco -DartifactId=FlyAway -Dversion=0.0.1-SNAPSHOT -Dpackage=com.cisco.FlyAway -DoutputDirectory="C:\Users\pravepat\OneDrive - Cisco\Desktop\Eclipse" -Dstyle.color=always -U archetype:generate
2023-01-15 19:03:03,747 [Worker-14: Creating maven-archetype-webapp] INFO  o.e.m.c.i.p.ProjectConfigurationManager - Collecting project info '/pom.xml' C:\Users\pravepat\OneDrive - Cisco\Desktop\Eclipse\FlyAway\pom.xml
2023-01-15 19:03:03,822 [Worker-14: Creating maven-archetype-webapp] INFO  o.e.m.c.i.l.LifecycleMappingFactory - Using org.maven.ide.eclipse.wtp.WarLifecycleMapping lifecycle mapping for MavenProject: com.cisco:FlyAway:0.0.1-SNAPSHOT @ C:\Users\pravepat\OneDrive - Cisco\Desktop\Eclipse\FlyAway\pom.xml.
2023-01-15 19:03:03,879 [Worker-14: Creating maven-archetype-webapp] INFO  o.e.m.j.i.AbstractJavaProjectConfigurator - Adding source folder /FlyAway/src/main/java
2023-01-15 19:03:03,880 [Worker-14: Creating maven-archetype-webapp] INFO  o.e.m.j.i.AbstractJavaProjectConfigurator - Adding source folder /FlyAway/src/test/java
2023-01-15 19:03:04,524 [Worker-14: Creating maven-archetype-webapp] INFO  o.e.m.c.i.p.ProjectConfigurationManager - Imported and configured 1 project(s) in 0 sec
2023-01-15 19:03:04,803 [Worker-19: Building] INFO  o.e.m.c.i.embedder.EclipseLogger - Using 'UTF-8' encoding to copy filtered resources.
2023-01-15 19:03:04,803 [Worker-19: Building] INFO  o.e.m.c.i.embedder.EclipseLogger - skip non existing resourceDirectory C:\Users\pravepat\OneDrive - Cisco\Desktop\Eclipse\FlyAway\src\main\resources
2023-01-15 19:03:04,804 [Worker-19: Building] INFO  o.e.m.c.i.embedder.EclipseLogger - Using 'UTF-8' encoding to copy filtered resources.
2023-01-15 19:03:04,804 [Worker-19: Building] INFO  o.e.m.c.i.embedder.EclipseLogger - skip non existing resourceDirectory C:\Users\pravepat\OneDrive - Cisco\Desktop\Eclipse\FlyAway\src\test\resources
2023-01-15 19:03:05,855 [Worker-15: Building] INFO  o.e.m.c.i.embedder.EclipseLogger - Using 'UTF-8' encoding to copy filtered resources.
2023-01-15 19:03:05,856 [Worker-15: Building] INFO  o.e.m.c.i.embedder.EclipseLogger - skip non existing resourceDirectory C:\Users\pravepat\OneDrive - Cisco\Desktop\Eclipse\FlyAway\src\main\resources
2023-01-15 19:03:05,857 [Worker-15: Building] INFO  o.e.m.c.i.embedder.EclipseLogger - Using 'UTF-8' encoding to copy filtered resources.
2023-01-15 19:03:05,857 [Worker-15: Building] INFO  o.e.m.c.i.embedder.EclipseLogger - skip non existing resourceDirectory C:\Users\pravepat\OneDrive - Cisco\Desktop\Eclipse\FlyAway\src\test\resources
2023-01-15 19:07:26,965 [Worker-19: Building] INFO  o.e.m.c.i.l.LifecycleMappingFactory - Using org.maven.ide.eclipse.wtp.WarLifecycleMapping lifecycle mapping for MavenProject: com.cisco:FlyAway:0.0.1-SNAPSHOT @ C:\Users\pravepat\OneDrive - Cisco\Desktop\Eclipse\FlyAway\pom.xml.
2023-01-15 19:07:27,154 [Worker-19: Building] INFO  o.e.m.c.i.embedder.EclipseLogger - Using 'UTF-8' encoding to copy filtered resources.
2023-01-15 19:07:27,154 [Worker-19: Building] INFO  o.e.m.c.i.embedder.EclipseLogger - skip non existing resourceDirectory C:\Users\pravepat\OneDrive - Cisco\Desktop\Eclipse\FlyAway\src\main\resources
2023-01-15 19:07:27,156 [Worker-19: Building] INFO  o.e.m.c.i.embedder.EclipseLogger - Using 'UTF-8' encoding to copy filtered resources.
2023-01-15 19:07:27,156 [Worker-19: Building] INFO  o.e.m.c.i.embedder.EclipseLogger - skip non existing resourceDirectory C:\Users\pravepat\OneDrive - Cisco\Desktop\Eclipse\FlyAway\src\test\resources
2023-01-15 19:07:27,156 [Worker-19: Building] INFO  o.e.m.w.i.f.ResourceFilteringBuildParticipant - Changed resources require a complete clean of filtered resources of FlyAway
2023-01-15 19:07:27,157 [Worker-19: Building] INFO  o.e.m.w.i.f.ResourceFilteringBuildParticipant - Executing resource filtering for FlyAway
2023-01-15 19:07:27,168 [Worker-19: Building] INFO  o.e.m.c.i.embedder.EclipseLogger - Using 'UTF-8' encoding to copy filtered resources.
2023-01-15 19:07:58,521 [Worker-5: Building] INFO  o.e.m.c.i.embedder.EclipseLogger - Using 'UTF-8' encoding to copy filtered resources.
2023-01-15 19:07:58,522 [Worker-5: Building] INFO  o.e.m.c.i.embedder.EclipseLogger - skip non existing resourceDirectory C:\Users\pravepat\OneDrive - Cisco\Desktop\Eclipse\FlyAway\src\main\resources
2023-01-15 19:07:58,523 [Worker-5: Building] INFO  o.e.m.c.i.embedder.EclipseLogger - Using 'UTF-8' encoding to copy filtered resources.
2023-01-15 19:07:58,523 [Worker-5: Building] INFO  o.e.m.c.i.embedder.EclipseLogger - skip non existing resourceDirectory C:\Users\pravepat\OneDrive - Cisco\Desktop\Eclipse\FlyAway\src\test\resources
2023-01-15 19:08:17,319 [Worker-12: Building] INFO  o.e.m.c.i.embedder.EclipseLogger - Using 'UTF-8' encoding to copy filtered resources.
2023-01-15 19:08:17,319 [Worker-12: Building] INFO  o.e.m.c.i.embedder.EclipseLogger - skip non existing resourceDirectory C:\Users\pravepat\OneDrive - Cisco\Desktop\Eclipse\FlyAway\src\main\resources
2023-01-15 19:08:17,321 [Worker-12: Building] INFO  o.e.m.c.i.embedder.EclipseLogger - Using 'UTF-8' encoding to copy filtered resources.
2023-01-15 19:08:17,321 [Worker-12: Building] INFO  o.e.m.c.i.embedder.EclipseLogger - skip non existing resourceDirectory C:\Users\pravepat\OneDrive - Cisco\Desktop\Eclipse\FlyAway\src\test\resources
2023-01-15 19:08:17,334 [Worker-12: Building] INFO  o.e.m.c.i.embedder.EclipseLogger - Using 'UTF-8' encoding to copy filtered resources.
2023-01-15 19:08:17,334 [Worker-12: Building] INFO  o.e.m.c.i.embedder.EclipseLogger - skip non existing resourceDirectory C:\Users\pravepat\Downloads\JAVAFSD-Project02-master\JAVAFSD-Project02-master\src\main\resources
2023-01-15 19:08:17,335 [Worker-12: Building] INFO  o.e.m.c.i.embedder.EclipseLogger - Using 'UTF-8' encoding to copy filtered resources.
2023-01-15 19:08:17,336 [Worker-12: Building] INFO  o.e.m.c.i.embedder.EclipseLogger - skip non existing resourceDirectory C:\Users\pravepat\Downloads\JAVAFSD-Project02-master\JAVAFSD-Project02-master\src\test\resources
2023-01-15 19:08:40,868 [Worker-11: Building] INFO  o.e.m.c.i.embedder.EclipseLogger - Using 'UTF-8' encoding to copy filtered resources.
2023-01-15 19:08:40,868 [Worker-11: Building] INFO  o.e.m.c.i.embedder.EclipseLogger - skip non existing resourceDirectory C:\Users\pravepat\OneDrive - Cisco\Desktop\Eclipse\FlyAway\src\main\resources
2023-01-15 19:08:40,869 [Worker-11: Building] INFO  o.e.m.c.i.embedder.EclipseLogger - Using 'UTF-8' encoding to copy filtered resources.
2023-01-15 19:08:40,870 [Worker-11: Building] INFO  o.e.m.c.i.embedder.EclipseLogger - skip non existing resourceDirectory C:\Users\pravepat\OneDrive - Cisco\Desktop\Eclipse\FlyAway\src\test\resources
2023-01-15 19:08:46,420 [Worker-2: Building] INFO  o.e.m.c.i.embedder.EclipseLogger - Using 'UTF-8' encoding to copy filtered resources.
2023-01-15 19:08:46,420 [Worker-2: Building] INFO  o.e.m.c.i.embedder.EclipseLogger - skip non existing resourceDirectory C:\Users\pravepat\OneDrive - Cisco\Desktop\Eclipse\FlyAway\src\main\resources
2023-01-15 19:08:46,422 [Worker-2: Building] INFO  o.e.m.c.i.embedder.EclipseLogger - Using 'UTF-8' encoding to copy filtered resources.
2023-01-15 19:08:46,423 [Worker-2: Building] INFO  o.e.m.c.i.embedder.EclipseLogger - skip non existing resourceDirectory C:\Users\pravepat\OneDrive - Cisco\Desktop\Eclipse\FlyAway\src\test\resources
2023-01-15 19:08:51,200 [Worker-17: Building] INFO  o.e.m.c.i.embedder.EclipseLogger - Using 'UTF-8' encoding to copy filtered resources.
2023-01-15 19:08:51,200 [Worker-17: Building] INFO  o.e.m.c.i.embedder.EclipseLogger - skip non existing resourceDirectory C:\Users\pravepat\OneDrive - Cisco\Desktop\Eclipse\FlyAway\src\main\resources
2023-01-15 19:08:51,201 [Worker-17: Building] INFO  o.e.m.c.i.embedder.EclipseLogger - Using 'UTF-8' encoding to copy filtered resources.
2023-01-15 19:08:51,202 [Worker-17: Building] INFO  o.e.m.c.i.embedder.EclipseLogger - skip non existing resourceDirectory C:\Users\pravepat\OneDrive - Cisco\Desktop\Eclipse\FlyAway\src\test\resources
2023-01-15 19:08:51,208 [Worker-17: Building] INFO  o.e.m.c.i.embedder.EclipseLogger - Using 'UTF-8' encoding to copy filtered resources.
2023-01-15 19:08:51,208 [Worker-17: Building] INFO  o.e.m.c.i.embedder.EclipseLogger - skip non existing resourceDirectory C:\Users\pravepat\Downloads\JAVAFSD-Project02-master\JAVAFSD-Project02-master\src\main\resources
2023-01-15 19:08:51,209 [Worker-17: Building] INFO  o.e.m.c.i.embedder.EclipseLogger - Using 'UTF-8' encoding to copy filtered resources.
2023-01-15 19:08:51,210 [Worker-17: Building] INFO  o.e.m.c.i.embedder.EclipseLogger - skip non existing resourceDirectory C:\Users\pravepat\Downloads\JAVAFSD-Project02-master\JAVAFSD-Project02-master\src\test\resources
2023-01-15 19:09:18,180 [Worker-21: Building] INFO  o.e.m.c.i.embedder.EclipseLogger - Using 'UTF-8' encoding to copy filtered resources.
2023-01-15 19:09:18,180 [Worker-21: Building] INFO  o.e.m.c.i.embedder.EclipseLogger - skip non existing resourceDirectory C:\Users\pravepat\OneDrive - Cisco\Desktop\Eclipse\FlyAway\src\main\resources
2023-01-15 19:09:18,182 [Worker-21: Building] INFO  o.e.m.c.i.embedder.EclipseLogger - Using 'UTF-8' encoding to copy filtered resources.
2023-01-15 19:09:18,182 [Worker-21: Building] INFO  o.e.m.c.i.embedder.EclipseLogger - skip non existing resourceDirectory C:\Users\pravepat\OneDrive - Cisco\Desktop\Eclipse\FlyAway\src\test\resources
2023-01-15 19:09:35,404 [Worker-3: Building] INFO  o.e.m.c.i.embedder.EclipseLogger - Using 'UTF-8' encoding to copy filtered resources.
2023-01-15 19:09:35,405 [Worker-3: Building] INFO  o.e.m.c.i.embedder.EclipseLogger - skip non existing resourceDirectory C:\Users\pravepat\OneDrive - Cisco\Desktop\Eclipse\FlyAway\src\main\resources
2023-01-15 19:09:35,407 [Worker-3: Building] INFO  o.e.m.c.i.embedder.EclipseLogger - Using 'UTF-8' encoding to copy filtered resources.
2023-01-15 19:09:35,407 [Worker-3: Building] INFO  o.e.m.c.i.embedder.EclipseLogger - skip non existing resourceDirectory C:\Users\pravepat\OneDrive - Cisco\Desktop\Eclipse\FlyAway\src\test\resources
2023-01-15 19:09:46,350 [Worker-3: Building] INFO  o.e.m.c.i.embedder.EclipseLogger - Using 'UTF-8' encoding to copy filtered resources.
2023-01-15 19:09:46,350 [Worker-3: Building] INFO  o.e.m.c.i.embedder.EclipseLogger - skip non existing resourceDirectory C:\Users\pravepat\OneDrive - Cisco\Desktop\Eclipse\FlyAway\src\main\resources
2023-01-15 19:09:46,352 [Worker-3: Building] INFO  o.e.m.c.i.embedder.EclipseLogger - Using 'UTF-8' encoding to copy filtered resources.
2023-01-15 19:09:46,352 [Worker-3: Building] INFO  o.e.m.c.i.embedder.EclipseLogger - skip non existing resourceDirectory C:\Users\pravepat\OneDrive - Cisco\Desktop\Eclipse\FlyAway\src\test\resources
2023-01-15 19:28:58,987 [Worker-24: Building] INFO  o.e.m.c.i.embedder.EclipseLogger - Using 'UTF-8' encoding to copy filtered resources.
2023-01-15 19:28:58,987 [Worker-24: Building] INFO  o.e.m.c.i.embedder.EclipseLogger - skip non existing resourceDirectory C:\Users\pravepat\OneDrive - Cisco\Desktop\Eclipse\FlyAway\src\main\resources
2023-01-15 19:28:58,989 [Worker-24: Building] INFO  o.e.m.c.i.embedder.EclipseLogger - Using 'UTF-8' encoding to copy filtered resources.
2023-01-15 19:28:58,989 [Worker-24: Building] INFO  o.e.m.c.i.embedder.EclipseLogger - skip non existing resourceDirectory C:\Users\pravepat\OneDrive - Cisco\Desktop\Eclipse\FlyAway\src\test\resources
2023-01-15 19:29:26,049 [Worker-23: Building] INFO  o.e.m.c.i.embedder.EclipseLogger - Using 'UTF-8' encoding to copy filtered resources.
2023-01-15 19:29:26,050 [Worker-23: Building] INFO  o.e.m.c.i.embedder.EclipseLogger - skip non existing resourceDirectory C:\Users\pravepat\OneDrive - Cisco\Desktop\Eclipse\FlyAway\src\main\resources
2023-01-15 19:29:26,051 [Worker-23: Building] INFO  o.e.m.c.i.embedder.EclipseLogger - Using 'UTF-8' encoding to copy filtered resources.
2023-01-15 19:29:26,051 [Worker-23: Building] INFO  o.e.m.c.i.embedder.EclipseLogger - skip non existing resourceDirectory C:\Users\pravepat\OneDrive - Cisco\Desktop\Eclipse\FlyAway\src\test\resources
2023-01-15 19:30:45,029 [Worker-28: Building] INFO  o.e.m.c.i.embedder.EclipseLogger - Using 'UTF-8' encoding to copy filtered resources.
2023-01-15 19:30:45,030 [Worker-28: Building] INFO  o.e.m.c.i.embedder.EclipseLogger - skip non existing resourceDirectory C:\Users\pravepat\OneDrive - Cisco\Desktop\Eclipse\FlyAway\src\main\resources
2023-01-15 19:30:45,031 [Worker-28: Building] INFO  o.e.m.c.i.embedder.EclipseLogger - Using 'UTF-8' encoding to copy filtered resources.
2023-01-15 19:30:45,031 [Worker-28: Building] INFO  o.e.m.c.i.embedder.EclipseLogger - skip non existing resourceDirectory C:\Users\pravepat\OneDrive - Cisco\Desktop\Eclipse\FlyAway\src\test\resources
2023-01-15 19:31:42,552 [Worker-27: Building] INFO  o.e.m.c.i.embedder.EclipseLogger - Using 'UTF-8' encoding to copy filtered resources.
2023-01-15 19:31:42,552 [Worker-27: Building] INFO  o.e.m.c.i.embedder.EclipseLogger - skip non existing resourceDirectory C:\Users\pravepat\OneDrive - Cisco\Desktop\Eclipse\FlyAway\src\main\resources
2023-01-15 19:31:42,553 [Worker-27: Building] INFO  o.e.m.c.i.embedder.EclipseLogger - Using 'UTF-8' encoding to copy filtered resources.
2023-01-15 19:31:42,553 [Worker-27: Building] INFO  o.e.m.c.i.embedder.EclipseLogger - skip non existing resourceDirectory C:\Users\pravepat\OneDrive - Cisco\Desktop\Eclipse\FlyAway\src\test\resources
2023-01-15 19:34:00,163 [Worker-31: Building] INFO  o.e.m.c.i.embedder.EclipseLogger - Using 'UTF-8' encoding to copy filtered resources.
2023-01-15 19:34:00,163 [Worker-31: Building] INFO  o.e.m.c.i.embedder.EclipseLogger - skip non existing resourceDirectory C:\Users\pravepat\OneDrive - Cisco\Desktop\Eclipse\FlyAway\src\main\resources
2023-01-15 19:34:00,165 [Worker-31: Building] INFO  o.e.m.c.i.embedder.EclipseLogger - Using 'UTF-8' encoding to copy filtered resources.
2023-01-15 19:34:00,165 [Worker-31: Building] INFO  o.e.m.c.i.embedder.EclipseLogger - skip non existing resourceDirectory C:\Users\pravepat\OneDrive - Cisco\Desktop\Eclipse\FlyAway\src\test\resources
2023-01-15 19:38:27,317 [Worker-35: Building] INFO  o.e.m.c.i.embedder.EclipseLogger - Using 'UTF-8' encoding to copy filtered resources.
2023-01-15 19:38:27,317 [Worker-35: Building] INFO  o.e.m.c.i.embedder.EclipseLogger - skip non existing resourceDirectory C:\Users\pravepat\OneDrive - Cisco\Desktop\Eclipse\FlyAway\src\main\resources
2023-01-15 19:38:27,318 [Worker-35: Building] INFO  o.e.m.c.i.embedder.EclipseLogger - Using 'UTF-8' encoding to copy filtered resources.
2023-01-15 19:38:27,318 [Worker-35: Building] INFO  o.e.m.c.i.embedder.EclipseLogger - skip non existing resourceDirectory C:\Users\pravepat\OneDrive - Cisco\Desktop\Eclipse\FlyAway\src\test\resources
2023-01-15 19:39:01,257 [Worker-33: Building] INFO  o.e.m.c.i.embedder.EclipseLogger - Using 'UTF-8' encoding to copy filtered resources.
2023-01-15 19:39:01,257 [Worker-33: Building] INFO  o.e.m.c.i.embedder.EclipseLogger - skip non existing resourceDirectory C:\Users\pravepat\OneDrive - Cisco\Desktop\Eclipse\FlyAway\src\main\resources
2023-01-15 19:39:01,258 [Worker-33: Building] INFO  o.e.m.c.i.embedder.EclipseLogger - Using 'UTF-8' encoding to copy filtered resources.
2023-01-15 19:39:01,258 [Worker-33: Building] INFO  o.e.m.c.i.embedder.EclipseLogger - skip non existing resourceDirectory C:\Users\pravepat\OneDrive - Cisco\Desktop\Eclipse\FlyAway\src\test\resources
2023-01-15 19:40:19,027 [Worker-40: Building] INFO  o.e.m.c.i.embedder.EclipseLogger - Using 'UTF-8' encoding to copy filtered resources.
2023-01-15 19:40:19,027 [Worker-40: Building] INFO  o.e.m.c.i.embedder.EclipseLogger - skip non existing resourceDirectory C:\Users\pravepat\OneDrive - Cisco\Desktop\Eclipse\FlyAway\src\main\resources
2023-01-15 19:40:19,028 [Worker-40: Building] INFO  o.e.m.c.i.embedder.EclipseLogger - Using 'UTF-8' encoding to copy filtered resources.
2023-01-15 19:40:19,028 [Worker-40: Building] INFO  o.e.m.c.i.embedder.EclipseLogger - skip non existing resourceDirectory C:\Users\pravepat\OneDrive - Cisco\Desktop\Eclipse\FlyAway\src\test\resources
2023-01-15 19:41:11,364 [Worker-33: Building] INFO  o.e.m.c.i.embedder.EclipseLogger - Using 'UTF-8' encoding to copy filtered resources.
2023-01-15 19:41:11,364 [Worker-33: Building] INFO  o.e.m.c.i.embedder.EclipseLogger - skip non existing resourceDirectory C:\Users\pravepat\OneDrive - Cisco\Desktop\Eclipse\FlyAway\src\main\resources
2023-01-15 19:41:11,365 [Worker-33: Building] INFO  o.e.m.c.i.embedder.EclipseLogger - Using 'UTF-8' encoding to copy filtered resources.
2023-01-15 19:41:11,365 [Worker-33: Building] INFO  o.e.m.c.i.embedder.EclipseLogger - skip non existing resourceDirectory C:\Users\pravepat\OneDrive - Cisco\Desktop\Eclipse\FlyAway\src\test\resources
2023-01-15 19:44:05,043 [Worker-41: Building] INFO  o.e.m.c.i.embedder.EclipseLogger - Using 'UTF-8' encoding to copy filtered resources.
2023-01-15 19:44:05,044 [Worker-41: Building] INFO  o.e.m.c.i.embedder.EclipseLogger - skip non existing resourceDirectory C:\Users\pravepat\OneDrive - Cisco\Desktop\Eclipse\FlyAway\src\main\resources
2023-01-15 19:44:05,044 [Worker-41: Building] INFO  o.e.m.c.i.embedder.EclipseLogger - Using 'UTF-8' encoding to copy filtered resources.
2023-01-15 19:44:05,044 [Worker-41: Building] INFO  o.e.m.c.i.embedder.EclipseLogger - skip non existing resourceDirectory C:\Users\pravepat\OneDrive - Cisco\Desktop\Eclipse\FlyAway\src\test\resources
2023-01-15 19:44:25,878 [Worker-41: Building] INFO  o.e.m.c.i.embedder.EclipseLogger - Using 'UTF-8' encoding to copy filtered resources.
2023-01-15 19:44:25,878 [Worker-41: Building] INFO  o.e.m.c.i.embedder.EclipseLogger - skip non existing resourceDirectory C:\Users\pravepat\OneDrive - Cisco\Desktop\Eclipse\FlyAway\src\main\resources
2023-01-15 19:44:25,879 [Worker-41: Building] INFO  o.e.m.c.i.embedder.EclipseLogger - Using 'UTF-8' encoding to copy filtered resources.
2023-01-15 19:44:25,879 [Worker-41: Building] INFO  o.e.m.c.i.embedder.EclipseLogger - skip non existing resourceDirectory C:\Users\pravepat\OneDrive - Cisco\Desktop\Eclipse\FlyAway\src\test\resources
2023-01-15 19:45:56,214 [Worker-46: Building] INFO  o.e.m.c.i.embedder.EclipseLogger - Using 'UTF-8' encoding to copy filtered resources.
2023-01-15 19:45:56,214 [Worker-46: Building] INFO  o.e.m.c.i.embedder.EclipseLogger - skip non existing resourceDirectory C:\Users\pravepat\OneDrive - Cisco\Desktop\Eclipse\FlyAway\src\main\resources
2023-01-15 19:45:56,215 [Worker-46: Building] INFO  o.e.m.c.i.embedder.EclipseLogger - Using 'UTF-8' encoding to copy filtered resources.
2023-01-15 19:45:56,215 [Worker-46: Building] INFO  o.e.m.c.i.embedder.EclipseLogger - skip non existing resourceDirectory C:\Users\pravepat\OneDrive - Cisco\Desktop\Eclipse\FlyAway\src\test\resources
2023-01-15 19:46:40,471 [Worker-48: Building] INFO  o.e.m.c.i.embedder.EclipseLogger - Using 'UTF-8' encoding to copy filtered resources.
2023-01-15 19:46:40,471 [Worker-48: Building] INFO  o.e.m.c.i.embedder.EclipseLogger - skip non existing resourceDirectory C:\Users\pravepat\OneDrive - Cisco\Desktop\Eclipse\FlyAway\src\main\resources
2023-01-15 19:46:40,472 [Worker-48: Building] INFO  o.e.m.c.i.embedder.EclipseLogger - Using 'UTF-8' encoding to copy filtered resources.
2023-01-15 19:46:40,472 [Worker-48: Building] INFO  o.e.m.c.i.embedder.EclipseLogger - skip non existing resourceDirectory C:\Users\pravepat\OneDrive - Cisco\Desktop\Eclipse\FlyAway\src\test\resources
2023-01-15 19:47:12,619 [Worker-49: Building] INFO  o.e.m.c.i.embedder.EclipseLogger - Using 'UTF-8' encoding to copy filtered resources.
2023-01-15 19:47:12,620 [Worker-49: Building] INFO  o.e.m.c.i.embedder.EclipseLogger - skip non existing resourceDirectory C:\Users\pravepat\OneDrive - Cisco\Desktop\Eclipse\FlyAway\src\main\resources
2023-01-15 19:47:12,621 [Worker-49: Building] INFO  o.e.m.c.i.embedder.EclipseLogger - Using 'UTF-8' encoding to copy filtered resources.
2023-01-15 19:47:12,621 [Worker-49: Building] INFO  o.e.m.c.i.embedder.EclipseLogger - skip non existing resourceDirectory C:\Users\pravepat\OneDrive - Cisco\Desktop\Eclipse\FlyAway\src\test\resources
2023-01-15 19:55:51,207 [Worker-53: Building] INFO  o.e.m.c.i.embedder.EclipseLogger - Using 'UTF-8' encoding to copy filtered resources.
2023-01-15 19:55:51,207 [Worker-53: Building] INFO  o.e.m.c.i.embedder.EclipseLogger - skip non existing resourceDirectory C:\Users\pravepat\OneDrive - Cisco\Desktop\Eclipse\FlyAway\src\main\resources
2023-01-15 19:55:51,208 [Worker-53: Building] INFO  o.e.m.c.i.embedder.EclipseLogger - Using 'UTF-8' encoding to copy filtered resources.
2023-01-15 19:55:51,208 [Worker-53: Building] INFO  o.e.m.c.i.embedder.EclipseLogger - skip non existing resourceDirectory C:\Users\pravepat\OneDrive - Cisco\Desktop\Eclipse\FlyAway\src\test\resources
2023-01-15 19:57:21,856 [Worker-56: Building] INFO  o.e.m.c.i.embedder.EclipseLogger - Using 'UTF-8' encoding to copy filtered resources.
2023-01-15 19:57:21,856 [Worker-56: Building] INFO  o.e.m.c.i.embedder.EclipseLogger - skip non existing resourceDirectory C:\Users\pravepat\OneDrive - Cisco\Desktop\Eclipse\FlyAway\src\main\resources
2023-01-15 19:57:21,857 [Worker-56: Building] INFO  o.e.m.c.i.embedder.EclipseLogger - Using 'UTF-8' encoding to copy filtered resources.
2023-01-15 19:57:21,857 [Worker-56: Building] INFO  o.e.m.c.i.embedder.EclipseLogger - skip non existing resourceDirectory C:\Users\pravepat\OneDrive - Cisco\Desktop\Eclipse\FlyAway\src\test\resources
2023-01-15 19:58:42,104 [Worker-61: Building] INFO  o.e.m.c.i.embedder.EclipseLogger - Using 'UTF-8' encoding to copy filtered resources.
2023-01-15 19:58:42,105 [Worker-61: Building] INFO  o.e.m.c.i.embedder.EclipseLogger - skip non existing resourceDirectory C:\Users\pravepat\OneDrive - Cisco\Desktop\Eclipse\FlyAway\src\main\resources
2023-01-15 19:58:42,106 [Worker-61: Building] INFO  o.e.m.c.i.embedder.EclipseLogger - Using 'UTF-8' encoding to copy filtered resources.
2023-01-15 19:58:42,106 [Worker-61: Building] INFO  o.e.m.c.i.embedder.EclipseLogger - skip non existing resourceDirectory C:\Users\pravepat\OneDrive - Cisco\Desktop\Eclipse\FlyAway\src\test\resources
2023-01-15 19:59:01,952 [Worker-64: Building] INFO  o.e.m.c.i.embedder.EclipseLogger - Using 'UTF-8' encoding to copy filtered resources.
2023-01-15 19:59:01,952 [Worker-64: Building] INFO  o.e.m.c.i.embedder.EclipseLogger - skip non existing resourceDirectory C:\Users\pravepat\OneDrive - Cisco\Desktop\Eclipse\FlyAway\src\main\resources
2023-01-15 19:59:01,953 [Worker-64: Building] INFO  o.e.m.c.i.embedder.EclipseLogger - Using 'UTF-8' encoding to copy filtered resources.
2023-01-15 19:59:01,953 [Worker-64: Building] INFO  o.e.m.c.i.embedder.EclipseLogger - skip non existing resourceDirectory C:\Users\pravepat\OneDrive - Cisco\Desktop\Eclipse\FlyAway\src\test\resources
2023-01-15 20:03:09,397 [Worker-60: Building] INFO  o.e.m.c.i.embedder.EclipseLogger - Using 'UTF-8' encoding to copy filtered resources.
2023-01-15 20:03:09,397 [Worker-60: Building] INFO  o.e.m.c.i.embedder.EclipseLogger - skip non existing resourceDirectory C:\Users\pravepat\OneDrive - Cisco\Desktop\Eclipse\FlyAway\src\main\resources
2023-01-15 20:03:09,398 [Worker-60: Building] INFO  o.e.m.c.i.embedder.EclipseLogger - Using 'UTF-8' encoding to copy filtered resources.
2023-01-15 20:03:09,398 [Worker-60: Building] INFO  o.e.m.c.i.embedder.EclipseLogger - skip non existing resourceDirectory C:\Users\pravepat\OneDrive - Cisco\Desktop\Eclipse\FlyAway\src\test\resources
2023-01-15 20:03:39,623 [Worker-65: Building] INFO  o.e.m.c.i.embedder.EclipseLogger - Using 'UTF-8' encoding to copy filtered resources.
2023-01-15 20:03:39,623 [Worker-65: Building] INFO  o.e.m.c.i.embedder.EclipseLogger - skip non existing resourceDirectory C:\Users\pravepat\OneDrive - Cisco\Desktop\Eclipse\FlyAway\src\main\resources
2023-01-15 20:03:39,624 [Worker-65: Building] INFO  o.e.m.c.i.embedder.EclipseLogger - Using 'UTF-8' encoding to copy filtered resources.
2023-01-15 20:03:39,624 [Worker-65: Building] INFO  o.e.m.c.i.embedder.EclipseLogger - skip non existing resourceDirectory C:\Users\pravepat\OneDrive - Cisco\Desktop\Eclipse\FlyAway\src\test\resources
2023-01-15 20:05:09,211 [Worker-67: Building] INFO  o.e.m.c.i.embedder.EclipseLogger - Using 'UTF-8' encoding to copy filtered resources.
2023-01-15 20:05:09,211 [Worker-67: Building] INFO  o.e.m.c.i.embedder.EclipseLogger - skip non existing resourceDirectory C:\Users\pravepat\OneDrive - Cisco\Desktop\Eclipse\FlyAway\src\main\resources
2023-01-15 20:05:09,212 [Worker-67: Building] INFO  o.e.m.c.i.embedder.EclipseLogger - Using 'UTF-8' encoding to copy filtered resources.
2023-01-15 20:05:09,212 [Worker-67: Building] INFO  o.e.m.c.i.embedder.EclipseLogger - skip non existing resourceDirectory C:\Users\pravepat\OneDrive - Cisco\Desktop\Eclipse\FlyAway\src\test\resources
2023-01-15 20:05:25,712 [Worker-72: Building] INFO  o.e.m.c.i.embedder.EclipseLogger - Using 'UTF-8' encoding to copy filtered resources.
2023-01-15 20:05:25,712 [Worker-72: Building] INFO  o.e.m.c.i.embedder.EclipseLogger - skip non existing resourceDirectory C:\Users\pravepat\OneDrive - Cisco\Desktop\Eclipse\FlyAway\src\main\resources
2023-01-15 20:05:25,714 [Worker-72: Building] INFO  o.e.m.c.i.embedder.EclipseLogger - Using 'UTF-8' encoding to copy filtered resources.
2023-01-15 20:05:25,714 [Worker-72: Building] INFO  o.e.m.c.i.embedder.EclipseLogger - skip non existing resourceDirectory C:\Users\pravepat\OneDrive - Cisco\Desktop\Eclipse\FlyAway\src\test\resources
2023-01-15 20:05:54,486 [Worker-70: Building] INFO  o.e.m.c.i.embedder.EclipseLogger - Using 'UTF-8' encoding to copy filtered resources.
2023-01-15 20:05:54,486 [Worker-70: Building] INFO  o.e.m.c.i.embedder.EclipseLogger - skip non existing resourceDirectory C:\Users\pravepat\OneDrive - Cisco\Desktop\Eclipse\FlyAway\src\main\resources
2023-01-15 20:05:54,487 [Worker-70: Building] INFO  o.e.m.c.i.embedder.EclipseLogger - Using 'UTF-8' encoding to copy filtered resources.
2023-01-15 20:05:54,487 [Worker-70: Building] INFO  o.e.m.c.i.embedder.EclipseLogger - skip non existing resourceDirectory C:\Users\pravepat\OneDrive - Cisco\Desktop\Eclipse\FlyAway\src\test\resources
2023-01-15 20:06:17,362 [Worker-67: Building] INFO  o.e.m.c.i.embedder.EclipseLogger - Using 'UTF-8' encoding to copy filtered resources.
2023-01-15 20:06:17,362 [Worker-67: Building] INFO  o.e.m.c.i.embedder.EclipseLogger - skip non existing resourceDirectory C:\Users\pravepat\OneDrive - Cisco\Desktop\Eclipse\FlyAway\src\main\resources
2023-01-15 20:06:17,363 [Worker-67: Building] INFO  o.e.m.c.i.embedder.EclipseLogger - Using 'UTF-8' encoding to copy filtered resources.
2023-01-15 20:06:17,363 [Worker-67: Building] INFO  o.e.m.c.i.embedder.EclipseLogger - skip non existing resourceDirectory C:\Users\pravepat\OneDrive - Cisco\Desktop\Eclipse\FlyAway\src\test\resources
2023-01-15 20:06:41,698 [Worker-69: Building] INFO  o.e.m.c.i.embedder.EclipseLogger - Using 'UTF-8' encoding to copy filtered resources.
2023-01-15 20:06:41,699 [Worker-69: Building] INFO  o.e.m.c.i.embedder.EclipseLogger - skip non existing resourceDirectory C:\Users\pravepat\OneDrive - Cisco\Desktop\Eclipse\FlyAway\src\main\resources
2023-01-15 20:06:41,699 [Worker-69: Building] INFO  o.e.m.c.i.embedder.EclipseLogger - Using 'UTF-8' encoding to copy filtered resources.
2023-01-15 20:06:41,700 [Worker-69: Building] INFO  o.e.m.c.i.embedder.EclipseLogger - skip non existing resourceDirectory C:\Users\pravepat\OneDrive - Cisco\Desktop\Eclipse\FlyAway\src\test\resources
2023-01-15 20:09:07,883 [Worker-74: Building] INFO  o.e.m.c.i.embedder.EclipseLogger - Using 'UTF-8' encoding to copy filtered resources.
2023-01-15 20:09:07,883 [Worker-74: Building] INFO  o.e.m.c.i.embedder.EclipseLogger - skip non existing resourceDirectory C:\Users\pravepat\OneDrive - Cisco\Desktop\Eclipse\FlyAway\src\main\resources
2023-01-15 20:09:07,884 [Worker-74: Building] INFO  o.e.m.c.i.embedder.EclipseLogger - Using 'UTF-8' encoding to copy filtered resources.
2023-01-15 20:09:07,884 [Worker-74: Building] INFO  o.e.m.c.i.embedder.EclipseLogger - skip non existing resourceDirectory C:\Users\pravepat\OneDrive - Cisco\Desktop\Eclipse\FlyAway\src\test\resources
2023-01-15 20:10:21,056 [Worker-62: Building] INFO  o.e.m.c.i.embedder.EclipseLogger - Using 'UTF-8' encoding to copy filtered resources.
2023-01-15 20:10:21,056 [Worker-62: Building] INFO  o.e.m.c.i.embedder.EclipseLogger - skip non existing resourceDirectory C:\Users\pravepat\OneDrive - Cisco\Desktop\Eclipse\FlyAway\src\main\resources
2023-01-15 20:10:21,057 [Worker-62: Building] INFO  o.e.m.c.i.embedder.EclipseLogger - Using 'UTF-8' encoding to copy filtered resources.
2023-01-15 20:10:21,057 [Worker-62: Building] INFO  o.e.m.c.i.embedder.EclipseLogger - skip non existing resourceDirectory C:\Users\pravepat\OneDrive - Cisco\Desktop\Eclipse\FlyAway\src\test\resources
2023-01-15 20:11:01,230 [Worker-74: Building] INFO  o.e.m.c.i.embedder.EclipseLogger - Using 'UTF-8' encoding to copy filtered resources.
2023-01-15 20:11:01,230 [Worker-74: Building] INFO  o.e.m.c.i.embedder.EclipseLogger - skip non existing resourceDirectory C:\Users\pravepat\OneDrive - Cisco\Desktop\Eclipse\FlyAway\src\main\resources
2023-01-15 20:11:01,231 [Worker-74: Building] INFO  o.e.m.c.i.embedder.EclipseLogger - Using 'UTF-8' encoding to copy filtered resources.
2023-01-15 20:11:01,231 [Worker-74: Building] INFO  o.e.m.c.i.embedder.EclipseLogger - skip non existing resourceDirectory C:\Users\pravepat\OneDrive - Cisco\Desktop\Eclipse\FlyAway\src\test\resources
2023-01-15 20:11:21,553 [Worker-62: Building] INFO  o.e.m.c.i.embedder.EclipseLogger - Using 'UTF-8' encoding to copy filtered resources.
2023-01-15 20:11:21,553 [Worker-62: Building] INFO  o.e.m.c.i.embedder.EclipseLogger - skip non existing resourceDirectory C:\Users\pravepat\OneDrive - Cisco\Desktop\Eclipse\FlyAway\src\main\resources
2023-01-15 20:11:21,554 [Worker-62: Building] INFO  o.e.m.c.i.embedder.EclipseLogger - Using 'UTF-8' encoding to copy filtered resources.
2023-01-15 20:11:21,554 [Worker-62: Building] INFO  o.e.m.c.i.embedder.EclipseLogger - skip non existing resourceDirectory C:\Users\pravepat\OneDrive - Cisco\Desktop\Eclipse\FlyAway\src\test\resources
2023-01-15 20:14:13,299 [Worker-80: Building] INFO  o.e.m.c.i.embedder.EclipseLogger - Using 'UTF-8' encoding to copy filtered resources.
2023-01-15 20:14:13,299 [Worker-80: Building] INFO  o.e.m.c.i.embedder.EclipseLogger - skip non existing resourceDirectory C:\Users\pravepat\OneDrive - Cisco\Desktop\Eclipse\FlyAway\src\main\resources
2023-01-15 20:14:13,300 [Worker-80: Building] INFO  o.e.m.c.i.embedder.EclipseLogger - Using 'UTF-8' encoding to copy filtered resources.
2023-01-15 20:14:13,300 [Worker-80: Building] INFO  o.e.m.c.i.embedder.EclipseLogger - skip non existing resourceDirectory C:\Users\pravepat\OneDrive - Cisco\Desktop\Eclipse\FlyAway\src\test\resources
2023-01-15 20:14:48,359 [Worker-83: Building] INFO  o.e.m.c.i.embedder.EclipseLogger - Using 'UTF-8' encoding to copy filtered resources.
2023-01-15 20:14:48,359 [Worker-83: Building] INFO  o.e.m.c.i.embedder.EclipseLogger - skip non existing resourceDirectory C:\Users\pravepat\OneDrive - Cisco\Desktop\Eclipse\FlyAway\src\main\resources
2023-01-15 20:14:48,360 [Worker-83: Building] INFO  o.e.m.c.i.embedder.EclipseLogger - Using 'UTF-8' encoding to copy filtered resources.
2023-01-15 20:14:48,360 [Worker-83: Building] INFO  o.e.m.c.i.embedder.EclipseLogger - skip non existing resourceDirectory C:\Users\pravepat\OneDrive - Cisco\Desktop\Eclipse\FlyAway\src\test\resources
2023-01-15 20:15:02,755 [Worker-81: Building] INFO  o.e.m.c.i.embedder.EclipseLogger - Using 'UTF-8' encoding to copy filtered resources.
2023-01-15 20:15:02,756 [Worker-81: Building] INFO  o.e.m.c.i.embedder.EclipseLogger - skip non existing resourceDirectory C:\Users\pravepat\OneDrive - Cisco\Desktop\Eclipse\FlyAway\src\main\resources
2023-01-15 20:15:02,756 [Worker-81: Building] INFO  o.e.m.c.i.embedder.EclipseLogger - Using 'UTF-8' encoding to copy filtered resources.
2023-01-15 20:15:02,757 [Worker-81: Building] INFO  o.e.m.c.i.embedder.EclipseLogger - skip non existing resourceDirectory C:\Users\pravepat\OneDrive - Cisco\Desktop\Eclipse\FlyAway\src\test\resources
2023-01-15 20:16:39,068 [Worker-85: Building] INFO  o.e.m.c.i.embedder.EclipseLogger - Using 'UTF-8' encoding to copy filtered resources.
2023-01-15 20:16:39,068 [Worker-85: Building] INFO  o.e.m.c.i.embedder.EclipseLogger - skip non existing resourceDirectory C:\Users\pravepat\OneDrive - Cisco\Desktop\Eclipse\FlyAway\src\main\resources
2023-01-15 20:16:39,070 [Worker-85: Building] INFO  o.e.m.c.i.embedder.EclipseLogger - Using 'UTF-8' encoding to copy filtered resources.
2023-01-15 20:16:39,070 [Worker-85: Building] INFO  o.e.m.c.i.embedder.EclipseLogger - skip non existing resourceDirectory C:\Users\pravepat\OneDrive - Cisco\Desktop\Eclipse\FlyAway\src\test\resources
2023-01-15 20:17:07,651 [Worker-86: Building] INFO  o.e.m.c.i.embedder.EclipseLogger - Using 'UTF-8' encoding to copy filtered resources.
2023-01-15 20:17:07,651 [Worker-86: Building] INFO  o.e.m.c.i.embedder.EclipseLogger - skip non existing resourceDirectory C:\Users\pravepat\OneDrive - Cisco\Desktop\Eclipse\FlyAway\src\main\resources
2023-01-15 20:17:07,652 [Worker-86: Building] INFO  o.e.m.c.i.embedder.EclipseLogger - Using 'UTF-8' encoding to copy filtered resources.
2023-01-15 20:17:07,653 [Worker-86: Building] INFO  o.e.m.c.i.embedder.EclipseLogger - skip non existing resourceDirectory C:\Users\pravepat\OneDrive - Cisco\Desktop\Eclipse\FlyAway\src\test\resources
2023-01-15 20:18:34,532 [Worker-85: Building] INFO  o.e.m.c.i.embedder.EclipseLogger - Using 'UTF-8' encoding to copy filtered resources.
2023-01-15 20:18:34,533 [Worker-85: Building] INFO  o.e.m.c.i.embedder.EclipseLogger - skip non existing resourceDirectory C:\Users\pravepat\OneDrive - Cisco\Desktop\Eclipse\FlyAway\src\main\resources
2023-01-15 20:18:34,533 [Worker-85: Building] INFO  o.e.m.c.i.embedder.EclipseLogger - Using 'UTF-8' encoding to copy filtered resources.
2023-01-15 20:18:34,533 [Worker-85: Building] INFO  o.e.m.c.i.embedder.EclipseLogger - skip non existing resourceDirectory C:\Users\pravepat\OneDrive - Cisco\Desktop\Eclipse\FlyAway\src\test\resources
2023-01-15 20:18:56,261 [Worker-88: Building] INFO  o.e.m.c.i.embedder.EclipseLogger - Using 'UTF-8' encoding to copy filtered resources.
2023-01-15 20:18:56,261 [Worker-88: Building] INFO  o.e.m.c.i.embedder.EclipseLogger - skip non existing resourceDirectory C:\Users\pravepat\OneDrive - Cisco\Desktop\Eclipse\FlyAway\src\main\resources
2023-01-15 20:18:56,262 [Worker-88: Building] INFO  o.e.m.c.i.embedder.EclipseLogger - Using 'UTF-8' encoding to copy filtered resources.
2023-01-15 20:18:56,262 [Worker-88: Building] INFO  o.e.m.c.i.embedder.EclipseLogger - skip non existing resourceDirectory C:\Users\pravepat\OneDrive - Cisco\Desktop\Eclipse\FlyAway\src\test\resources
2023-01-15 20:20:17,611 [Worker-85: Building] INFO  o.e.m.c.i.embedder.EclipseLogger - Using 'UTF-8' encoding to copy filtered resources.
2023-01-15 20:20:17,611 [Worker-85: Building] INFO  o.e.m.c.i.embedder.EclipseLogger - skip non existing resourceDirectory C:\Users\pravepat\OneDrive - Cisco\Desktop\Eclipse\FlyAway\src\main\resources
2023-01-15 20:20:17,612 [Worker-85: Building] INFO  o.e.m.c.i.embedder.EclipseLogger - Using 'UTF-8' encoding to copy filtered resources.
2023-01-15 20:20:17,612 [Worker-85: Building] INFO  o.e.m.c.i.embedder.EclipseLogger - skip non existing resourceDirectory C:\Users\pravepat\OneDrive - Cisco\Desktop\Eclipse\FlyAway\src\test\resources
2023-01-15 20:20:33,076 [Worker-94: Building] INFO  o.e.m.c.i.embedder.EclipseLogger - Using 'UTF-8' encoding to copy filtered resources.
2023-01-15 20:20:33,076 [Worker-94: Building] INFO  o.e.m.c.i.embedder.EclipseLogger - skip non existing resourceDirectory C:\Users\pravepat\OneDrive - Cisco\Desktop\Eclipse\FlyAway\src\main\resources
2023-01-15 20:20:33,077 [Worker-94: Building] INFO  o.e.m.c.i.embedder.EclipseLogger - Using 'UTF-8' encoding to copy filtered resources.
2023-01-15 20:20:33,077 [Worker-94: Building] INFO  o.e.m.c.i.embedder.EclipseLogger - skip non existing resourceDirectory C:\Users\pravepat\OneDrive - Cisco\Desktop\Eclipse\FlyAway\src\test\resources
2023-01-15 20:21:10,049 [Worker-94: Building] INFO  o.e.m.c.i.embedder.EclipseLogger - Using 'UTF-8' encoding to copy filtered resources.
2023-01-15 20:21:10,050 [Worker-94: Building] INFO  o.e.m.c.i.embedder.EclipseLogger - skip non existing resourceDirectory C:\Users\pravepat\OneDrive - Cisco\Desktop\Eclipse\FlyAway\src\main\resources
2023-01-15 20:21:10,050 [Worker-94: Building] INFO  o.e.m.c.i.embedder.EclipseLogger - Using 'UTF-8' encoding to copy filtered resources.
2023-01-15 20:21:10,050 [Worker-94: Building] INFO  o.e.m.c.i.embedder.EclipseLogger - skip non existing resourceDirectory C:\Users\pravepat\OneDrive - Cisco\Desktop\Eclipse\FlyAway\src\test\resources
2023-01-15 20:22:37,959 [Worker-95: Building] INFO  o.e.m.c.i.embedder.EclipseLogger - Using 'UTF-8' encoding to copy filtered resources.
2023-01-15 20:22:37,959 [Worker-95: Building] INFO  o.e.m.c.i.embedder.EclipseLogger - skip non existing resourceDirectory C:\Users\pravepat\OneDrive - Cisco\Desktop\Eclipse\FlyAway\src\main\resources
2023-01-15 20:22:37,960 [Worker-95: Building] INFO  o.e.m.c.i.embedder.EclipseLogger - Using 'UTF-8' encoding to copy filtered resources.
2023-01-15 20:22:37,960 [Worker-95: Building] INFO  o.e.m.c.i.embedder.EclipseLogger - skip non existing resourceDirectory C:\Users\pravepat\OneDrive - Cisco\Desktop\Eclipse\FlyAway\src\test\resources
2023-01-15 20:23:15,374 [Worker-96: Building] INFO  o.e.m.c.i.embedder.EclipseLogger - Using 'UTF-8' encoding to copy filtered resources.
2023-01-15 20:23:15,374 [Worker-96: Building] INFO  o.e.m.c.i.embedder.EclipseLogger - skip non existing resourceDirectory C:\Users\pravepat\OneDrive - Cisco\Desktop\Eclipse\FlyAway\src\main\resources
2023-01-15 20:23:15,375 [Worker-96: Building] INFO  o.e.m.c.i.embedder.EclipseLogger - Using 'UTF-8' encoding to copy filtered resources.
2023-01-15 20:23:15,375 [Worker-96: Building] INFO  o.e.m.c.i.embedder.EclipseLogger - skip non existing resourceDirectory C:\Users\pravepat\OneDrive - Cisco\Desktop\Eclipse\FlyAway\src\test\resources
2023-01-15 20:23:54,520 [Worker-95: Building] INFO  o.e.m.c.i.embedder.EclipseLogger - Using 'UTF-8' encoding to copy filtered resources.
2023-01-15 20:23:54,520 [Worker-95: Building] INFO  o.e.m.c.i.embedder.EclipseLogger - skip non existing resourceDirectory C:\Users\pravepat\OneDrive - Cisco\Desktop\Eclipse\FlyAway\src\main\resources
2023-01-15 20:23:54,521 [Worker-95: Building] INFO  o.e.m.c.i.embedder.EclipseLogger - Using 'UTF-8' encoding to copy filtered resources.
2023-01-15 20:23:54,521 [Worker-95: Building] INFO  o.e.m.c.i.embedder.EclipseLogger - skip non existing resourceDirectory C:\Users\pravepat\OneDrive - Cisco\Desktop\Eclipse\FlyAway\src\test\resources
2023-01-15 20:25:33,164 [Worker-85: Building] INFO  o.e.m.c.i.embedder.EclipseLogger - Using 'UTF-8' encoding to copy filtered resources.
2023-01-15 20:25:33,164 [Worker-85: Building] INFO  o.e.m.c.i.embedder.EclipseLogger - skip non existing resourceDirectory C:\Users\pravepat\OneDrive - Cisco\Desktop\Eclipse\FlyAway\src\main\resources
2023-01-15 20:25:33,165 [Worker-85: Building] INFO  o.e.m.c.i.embedder.EclipseLogger - Using 'UTF-8' encoding to copy filtered resources.
2023-01-15 20:25:33,165 [Worker-85: Building] INFO  o.e.m.c.i.embedder.EclipseLogger - skip non existing resourceDirectory C:\Users\pravepat\OneDrive - Cisco\Desktop\Eclipse\FlyAway\src\test\resources
2023-01-15 20:28:50,957 [Worker-97: Building] INFO  o.e.m.c.i.embedder.EclipseLogger - Using 'UTF-8' encoding to copy filtered resources.
2023-01-15 20:28:50,957 [Worker-97: Building] INFO  o.e.m.c.i.embedder.EclipseLogger - skip non existing resourceDirectory C:\Users\pravepat\OneDrive - Cisco\Desktop\Eclipse\FlyAway\src\main\resources
2023-01-15 20:28:50,958 [Worker-97: Building] INFO  o.e.m.c.i.embedder.EclipseLogger - Using 'UTF-8' encoding to copy filtered resources.
2023-01-15 20:28:50,958 [Worker-97: Building] INFO  o.e.m.c.i.embedder.EclipseLogger - skip non existing resourceDirectory C:\Users\pravepat\OneDrive - Cisco\Desktop\Eclipse\FlyAway\src\test\resources
2023-01-15 20:29:50,944 [Worker-102: Building] INFO  o.e.m.c.i.embedder.EclipseLogger - Using 'UTF-8' encoding to copy filtered resources.
2023-01-15 20:29:50,945 [Worker-102: Building] INFO  o.e.m.c.i.embedder.EclipseLogger - skip non existing resourceDirectory C:\Users\pravepat\OneDrive - Cisco\Desktop\Eclipse\FlyAway\src\main\resources
2023-01-15 20:29:50,946 [Worker-102: Building] INFO  o.e.m.c.i.embedder.EclipseLogger - Using 'UTF-8' encoding to copy filtered resources.
2023-01-15 20:29:50,946 [Worker-102: Building] INFO  o.e.m.c.i.embedder.EclipseLogger - skip non existing resourceDirectory C:\Users\pravepat\OneDrive - Cisco\Desktop\Eclipse\FlyAway\src\test\resources
2023-01-15 20:32:00,068 [Worker-101: Building] INFO  o.e.m.c.i.embedder.EclipseLogger - Using 'UTF-8' encoding to copy filtered resources.
2023-01-15 20:32:00,068 [Worker-101: Building] INFO  o.e.m.c.i.embedder.EclipseLogger - skip non existing resourceDirectory C:\Users\pravepat\OneDrive - Cisco\Desktop\Eclipse\FlyAway\src\main\resources
2023-01-15 20:32:00,069 [Worker-101: Building] INFO  o.e.m.c.i.embedder.EclipseLogger - Using 'UTF-8' encoding to copy filtered resources.
2023-01-15 20:32:00,069 [Worker-101: Building] INFO  o.e.m.c.i.embedder.EclipseLogger - skip non existing resourceDirectory C:\Users\pravepat\OneDrive - Cisco\Desktop\Eclipse\FlyAway\src\test\resources
2023-01-15 20:32:24,154 [Worker-104: Building] INFO  o.e.m.c.i.embedder.EclipseLogger - Using 'UTF-8' encoding to copy filtered resources.
2023-01-15 20:32:24,155 [Worker-104: Building] INFO  o.e.m.c.i.embedder.EclipseLogger - skip non existing resourceDirectory C:\Users\pravepat\OneDrive - Cisco\Desktop\Eclipse\FlyAway\src\main\resources
2023-01-15 20:32:24,156 [Worker-104: Building] INFO  o.e.m.c.i.embedder.EclipseLogger - Using 'UTF-8' encoding to copy filtered resources.
2023-01-15 20:32:24,156 [Worker-104: Building] INFO  o.e.m.c.i.embedder.EclipseLogger - skip non existing resourceDirectory C:\Users\pravepat\OneDrive - Cisco\Desktop\Eclipse\FlyAway\src\test\resources
2023-01-15 20:34:43,217 [Worker-102: Building] INFO  o.e.m.c.i.embedder.EclipseLogger - Using 'UTF-8' encoding to copy filtered resources.
2023-01-15 20:34:43,217 [Worker-102: Building] INFO  o.e.m.c.i.embedder.EclipseLogger - skip non existing resourceDirectory C:\Users\pravepat\OneDrive - Cisco\Desktop\Eclipse\FlyAway\src\main\resources
2023-01-15 20:34:43,218 [Worker-102: Building] INFO  o.e.m.c.i.embedder.EclipseLogger - Using 'UTF-8' encoding to copy filtered resources.
2023-01-15 20:34:43,218 [Worker-102: Building] INFO  o.e.m.c.i.embedder.EclipseLogger - skip non existing resourceDirectory C:\Users\pravepat\OneDrive - Cisco\Desktop\Eclipse\FlyAway\src\test\resources
2023-01-15 20:35:16,465 [Worker-105: Building] INFO  o.e.m.c.i.embedder.EclipseLogger - Using 'UTF-8' encoding to copy filtered resources.
2023-01-15 20:35:16,465 [Worker-105: Building] INFO  o.e.m.c.i.embedder.EclipseLogger - skip non existing resourceDirectory C:\Users\pravepat\OneDrive - Cisco\Desktop\Eclipse\FlyAway\src\main\resources
2023-01-15 20:35:16,466 [Worker-105: Building] INFO  o.e.m.c.i.embedder.EclipseLogger - Using 'UTF-8' encoding to copy filtered resources.
2023-01-15 20:35:16,466 [Worker-105: Building] INFO  o.e.m.c.i.embedder.EclipseLogger - skip non existing resourceDirectory C:\Users\pravepat\OneDrive - Cisco\Desktop\Eclipse\FlyAway\src\test\resources
2023-01-15 21:28:22,060 [Worker-111: Building] INFO  o.e.m.c.i.embedder.EclipseLogger - Using 'UTF-8' encoding to copy filtered resources.
2023-01-15 21:28:22,060 [Worker-111: Building] INFO  o.e.m.c.i.embedder.EclipseLogger - skip non existing resourceDirectory C:\Users\pravepat\OneDrive - Cisco\Desktop\Eclipse\FlyAway\src\main\resources
2023-01-15 21:28:22,061 [Worker-111: Building] INFO  o.e.m.c.i.embedder.EclipseLogger - Using 'UTF-8' encoding to copy filtered resources.
2023-01-15 21:28:22,061 [Worker-111: Building] INFO  o.e.m.c.i.embedder.EclipseLogger - skip non existing resourceDirectory C:\Users\pravepat\OneDrive - Cisco\Desktop\Eclipse\FlyAway\src\test\resources
2023-01-15 21:29:09,131 [Worker-111: Building] INFO  o.e.m.c.i.embedder.EclipseLogger - Using 'UTF-8' encoding to copy filtered resources.
2023-01-15 21:29:09,131 [Worker-111: Building] INFO  o.e.m.c.i.embedder.EclipseLogger - skip non existing resourceDirectory C:\Users\pravepat\OneDrive - Cisco\Desktop\Eclipse\FlyAway\src\main\resources
2023-01-15 21:29:09,132 [Worker-111: Building] INFO  o.e.m.c.i.embedder.EclipseLogger - Using 'UTF-8' encoding to copy filtered resources.
2023-01-15 21:29:09,132 [Worker-111: Building] INFO  o.e.m.c.i.embedder.EclipseLogger - skip non existing resourceDirectory C:\Users\pravepat\OneDrive - Cisco\Desktop\Eclipse\FlyAway\src\test\resources
2023-01-15 21:29:53,419 [Worker-113: Building] INFO  o.e.m.c.i.embedder.EclipseLogger - Using 'UTF-8' encoding to copy filtered resources.
2023-01-15 21:29:53,419 [Worker-113: Building] INFO  o.e.m.c.i.embedder.EclipseLogger - skip non existing resourceDirectory C:\Users\pravepat\OneDrive - Cisco\Desktop\Eclipse\FlyAway\src\main\resources
2023-01-15 21:29:53,420 [Worker-113: Building] INFO  o.e.m.c.i.embedder.EclipseLogger - Using 'UTF-8' encoding to copy filtered resources.
2023-01-15 21:29:53,420 [Worker-113: Building] INFO  o.e.m.c.i.embedder.EclipseLogger - skip non existing resourceDirectory C:\Users\pravepat\OneDrive - Cisco\Desktop\Eclipse\FlyAway\src\test\resources
2023-01-15 21:30:21,997 [Worker-108: Building] INFO  o.e.m.c.i.embedder.EclipseLogger - Using 'UTF-8' encoding to copy filtered resources.
2023-01-15 21:30:21,997 [Worker-108: Building] INFO  o.e.m.c.i.embedder.EclipseLogger - skip non existing resourceDirectory C:\Users\pravepat\OneDrive - Cisco\Desktop\Eclipse\FlyAway\src\main\resources
2023-01-15 21:30:21,998 [Worker-108: Building] INFO  o.e.m.c.i.embedder.EclipseLogger - Using 'UTF-8' encoding to copy filtered resources.
2023-01-15 21:30:21,998 [Worker-108: Building] INFO  o.e.m.c.i.embedder.EclipseLogger - skip non existing resourceDirectory C:\Users\pravepat\OneDrive - Cisco\Desktop\Eclipse\FlyAway\src\test\resources
2023-01-15 21:32:43,703 [Worker-116: Building] INFO  o.e.m.c.i.embedder.EclipseLogger - Using 'UTF-8' encoding to copy filtered resources.
2023-01-15 21:32:43,704 [Worker-116: Building] INFO  o.e.m.c.i.embedder.EclipseLogger - skip non existing resourceDirectory C:\Users\pravepat\OneDrive - Cisco\Desktop\Eclipse\FlyAway\src\main\resources
2023-01-15 21:32:43,704 [Worker-116: Building] INFO  o.e.m.c.i.embedder.EclipseLogger - Using 'UTF-8' encoding to copy filtered resources.
2023-01-15 21:32:43,704 [Worker-116: Building] INFO  o.e.m.c.i.embedder.EclipseLogger - skip non existing resourceDirectory C:\Users\pravepat\OneDrive - Cisco\Desktop\Eclipse\FlyAway\src\test\resources
2023-01-15 21:34:06,715 [Worker-116: Building] INFO  o.e.m.c.i.embedder.EclipseLogger - Using 'UTF-8' encoding to copy filtered resources.
2023-01-15 21:34:06,715 [Worker-116: Building] INFO  o.e.m.c.i.embedder.EclipseLogger - skip non existing resourceDirectory C:\Users\pravepat\OneDrive - Cisco\Desktop\Eclipse\FlyAway\src\main\resources
2023-01-15 21:34:06,716 [Worker-116: Building] INFO  o.e.m.c.i.embedder.EclipseLogger - Using 'UTF-8' encoding to copy filtered resources.
2023-01-15 21:34:06,716 [Worker-116: Building] INFO  o.e.m.c.i.embedder.EclipseLogger - skip non existing resourceDirectory C:\Users\pravepat\OneDrive - Cisco\Desktop\Eclipse\FlyAway\src\test\resources
2023-01-15 21:34:43,798 [Worker-116: Building] INFO  o.e.m.c.i.embedder.EclipseLogger - Using 'UTF-8' encoding to copy filtered resources.
2023-01-15 21:34:43,798 [Worker-116: Building] INFO  o.e.m.c.i.embedder.EclipseLogger - skip non existing resourceDirectory C:\Users\pravepat\OneDrive - Cisco\Desktop\Eclipse\FlyAway\src\main\resources
2023-01-15 21:34:43,799 [Worker-116: Building] INFO  o.e.m.c.i.embedder.EclipseLogger - Using 'UTF-8' encoding to copy filtered resources.
2023-01-15 21:34:43,799 [Worker-116: Building] INFO  o.e.m.c.i.embedder.EclipseLogger - skip non existing resourceDirectory C:\Users\pravepat\OneDrive - Cisco\Desktop\Eclipse\FlyAway\src\test\resources
2023-01-15 21:53:34,840 [Worker-127: Building] INFO  o.e.m.c.i.embedder.EclipseLogger - Using 'UTF-8' encoding to copy filtered resources.
2023-01-15 21:53:34,840 [Worker-127: Building] INFO  o.e.m.c.i.embedder.EclipseLogger - skip non existing resourceDirectory C:\Users\pravepat\OneDrive - Cisco\Desktop\Eclipse\FlyAway\src\main\resources
2023-01-15 21:53:34,841 [Worker-127: Building] INFO  o.e.m.c.i.embedder.EclipseLogger - Using 'UTF-8' encoding to copy filtered resources.
2023-01-15 21:53:34,841 [Worker-127: Building] INFO  o.e.m.c.i.embedder.EclipseLogger - skip non existing resourceDirectory C:\Users\pravepat\OneDrive - Cisco\Desktop\Eclipse\FlyAway\src\test\resources
2023-01-15 21:54:08,572 [Worker-128: Building] INFO  o.e.m.c.i.embedder.EclipseLogger - Using 'UTF-8' encoding to copy filtered resources.
2023-01-15 21:54:08,572 [Worker-128: Building] INFO  o.e.m.c.i.embedder.EclipseLogger - skip non existing resourceDirectory C:\Users\pravepat\OneDrive - Cisco\Desktop\Eclipse\FlyAway\src\main\resources
2023-01-15 21:54:08,573 [Worker-128: Building] INFO  o.e.m.c.i.embedder.EclipseLogger - Using 'UTF-8' encoding to copy filtered resources.
2023-01-15 21:54:08,573 [Worker-128: Building] INFO  o.e.m.c.i.embedder.EclipseLogger - skip non existing resourceDirectory C:\Users\pravepat\OneDrive - Cisco\Desktop\Eclipse\FlyAway\src\test\resources
